<?xml version="1.0" encoding="UTF-8"?>
<testsuite name="com.cassandrawebtrader.Chapter55ApplicationTests" time="0.007" tests="1" errors="1" skipped="0" failures="0">
  <properties>
    <property name="java.runtime.name" value="Java(TM) SE Runtime Environment"/>
    <property name="sun.boot.library.path" value="/Library/Java/JavaVirtualMachines/jdk1.8.0_60.jdk/Contents/Home/jre/lib"/>
    <property name="java.vm.version" value="25.60-b23"/>
    <property name="gopherProxySet" value="false"/>
    <property name="java.vm.vendor" value="Oracle Corporation"/>
    <property name="maven.multiModuleProjectDirectory" value="/Users/govindkalyankar/Documents/workspace-sts-3.7.2.RELEASE/widgetApplication"/>
    <property name="java.vendor.url" value="http://java.oracle.com/"/>
    <property name="path.separator" value=":"/>
    <property name="guice.disable.misplaced.annotation.check" value="true"/>
    <property name="java.vm.name" value="Java HotSpot(TM) 64-Bit Server VM"/>
    <property name="file.encoding.pkg" value="sun.io"/>
    <property name="user.country" value="US"/>
    <property name="sun.java.launcher" value="SUN_STANDARD"/>
    <property name="sun.os.patch.level" value="unknown"/>
    <property name="java.vm.specification.name" value="Java Virtual Machine Specification"/>
    <property name="user.dir" value="/Users/govindkalyankar/Documents/workspace-sts-3.7.2.RELEASE/widgetApplication"/>
    <property name="java.runtime.version" value="1.8.0_60-b27"/>
    <property name="java.awt.graphicsenv" value="sun.awt.CGraphicsEnvironment"/>
    <property name="java.endorsed.dirs" value="/Library/Java/JavaVirtualMachines/jdk1.8.0_60.jdk/Contents/Home/jre/lib/endorsed"/>
    <property name="os.arch" value="x86_64"/>
    <property name="java.io.tmpdir" value="/var/folders/cz/knw0dld930jdvlr6hwq6hmhw0000gp/T/"/>
    <property name="line.separator" value="&#10;"/>
    <property name="java.vm.specification.vendor" value="Oracle Corporation"/>
    <property name="os.name" value="Mac OS X"/>
    <property name="classworlds.conf" value="/Users/govindkalyankar/Documents/workspace-sts-3.7.2.RELEASE/.metadata/.plugins/org.eclipse.m2e.launching/launches/m2conf8899373067790858982.tmp"/>
    <property name="sun.jnu.encoding" value="UTF-8"/>
    <property name="java.library.path" value="/Users/govindkalyankar/Library/Java/Extensions:/Library/Java/Extensions:/Network/Library/Java/Extensions:/System/Library/Java/Extensions:/usr/lib/java:."/>
    <property name="java.specification.name" value="Java Platform API Specification"/>
    <property name="java.class.version" value="52.0"/>
    <property name="sun.management.compiler" value="HotSpot 64-Bit Tiered Compilers"/>
    <property name="os.version" value="10.12.2"/>
    <property name="http.nonProxyHosts" value="local|*.local|169.254/16|*.169.254/16"/>
    <property name="user.home" value="/Users/govindkalyankar"/>
    <property name="user.timezone" value="America/Los_Angeles"/>
    <property name="java.awt.printerjob" value="sun.lwawt.macosx.CPrinterJob"/>
    <property name="java.specification.version" value="1.8"/>
    <property name="file.encoding" value="UTF-8"/>
    <property name="user.name" value="govindkalyankar"/>
    <property name="java.class.path" value="/Users/govindkalyankar/Downloads/sts-bundle 3/STS.app/Contents/Eclipse/plugins/org.eclipse.m2e.maven.runtime_1.6.2.20150902-0001/jars/plexus-classworlds-2.5.2.jar"/>
    <property name="java.vm.specification.version" value="1.8"/>
    <property name="sun.arch.data.model" value="64"/>
    <property name="java.home" value="/Library/Java/JavaVirtualMachines/jdk1.8.0_60.jdk/Contents/Home/jre"/>
    <property name="sun.java.command" value="org.codehaus.plexus.classworlds.launcher.Launcher -Ppom.xml -B test"/>
    <property name="java.specification.vendor" value="Oracle Corporation"/>
    <property name="user.language" value="en"/>
    <property name="awt.toolkit" value="sun.lwawt.macosx.LWCToolkit"/>
    <property name="java.vm.info" value="mixed mode"/>
    <property name="java.version" value="1.8.0_60"/>
    <property name="java.ext.dirs" value="/Users/govindkalyankar/Library/Java/Extensions:/Library/Java/JavaVirtualMachines/jdk1.8.0_60.jdk/Contents/Home/jre/lib/ext:/Library/Java/Extensions:/Network/Library/Java/Extensions:/System/Library/Java/Extensions:/usr/lib/java"/>
    <property name="sun.boot.class.path" value="/Library/Java/JavaVirtualMachines/jdk1.8.0_60.jdk/Contents/Home/jre/lib/resources.jar:/Library/Java/JavaVirtualMachines/jdk1.8.0_60.jdk/Contents/Home/jre/lib/rt.jar:/Library/Java/JavaVirtualMachines/jdk1.8.0_60.jdk/Contents/Home/jre/lib/sunrsasign.jar:/Library/Java/JavaVirtualMachines/jdk1.8.0_60.jdk/Contents/Home/jre/lib/jsse.jar:/Library/Java/JavaVirtualMachines/jdk1.8.0_60.jdk/Contents/Home/jre/lib/jce.jar:/Library/Java/JavaVirtualMachines/jdk1.8.0_60.jdk/Contents/Home/jre/lib/charsets.jar:/Library/Java/JavaVirtualMachines/jdk1.8.0_60.jdk/Contents/Home/jre/lib/jfr.jar:/Library/Java/JavaVirtualMachines/jdk1.8.0_60.jdk/Contents/Home/jre/classes"/>
    <property name="java.vendor" value="Oracle Corporation"/>
    <property name="maven.home" value="/Users/govindkalyankar/Documents/workspace-sts-3.7.2.RELEASE/widgetApplication/EMBEDDED"/>
    <property name="file.separator" value="/"/>
    <property name="java.vendor.url.bug" value="http://bugreport.sun.com/bugreport/"/>
    <property name="sun.cpu.endian" value="little"/>
    <property name="sun.io.unicode.encoding" value="UnicodeBig"/>
    <property name="socksNonProxyHosts" value="local|*.local|169.254/16|*.169.254/16"/>
    <property name="ftp.nonProxyHosts" value="local|*.local|169.254/16|*.169.254/16"/>
    <property name="sun.cpu.isalist" value=""/>
  </properties>
  <testcase name="initializationError" classname="com.cassandrawebtrader.Chapter55ApplicationTests" time="0.007">
    <error message="Unable to find a @SpringBootConfiguration, you need to use @ContextConfiguration or @SpringBootTest(classes=...) with your test" type="java.lang.IllegalStateException"><![CDATA[java.lang.IllegalStateException: Unable to find a @SpringBootConfiguration, you need to use @ContextConfiguration or @SpringBootTest(classes=...) with your test
	at org.springframework.util.Assert.state(Assert.java:392)
	at org.springframework.boot.test.context.SpringBootTestContextBootstrapper.getOrFindConfigurationClasses(SpringBootTestContextBootstrapper.java:173)
	at org.springframework.boot.test.context.SpringBootTestContextBootstrapper.processMergedContextConfiguration(SpringBootTestContextBootstrapper.java:133)
	at org.springframework.test.context.support.AbstractTestContextBootstrapper.buildMergedContextConfiguration(AbstractTestContextBootstrapper.java:409)
	at org.springframework.test.context.support.AbstractTestContextBootstrapper.buildDefaultMergedContextConfiguration(AbstractTestContextBootstrapper.java:323)
	at org.springframework.test.context.support.AbstractTestContextBootstrapper.buildMergedContextConfiguration(AbstractTestContextBootstrapper.java:277)
	at org.springframework.test.context.support.AbstractTestContextBootstrapper.buildTestContext(AbstractTestContextBootstrapper.java:112)
	at org.springframework.boot.test.context.SpringBootTestContextBootstrapper.buildTestContext(SpringBootTestContextBootstrapper.java:78)
	at org.springframework.test.context.TestContextManager.<init>(TestContextManager.java:120)
	at org.springframework.test.context.TestContextManager.<init>(TestContextManager.java:105)
	at org.springframework.test.context.junit4.SpringJUnit4ClassRunner.createTestContextManager(SpringJUnit4ClassRunner.java:152)
	at org.springframework.test.context.junit4.SpringJUnit4ClassRunner.<init>(SpringJUnit4ClassRunner.java:143)
	at org.springframework.test.context.junit4.SpringRunner.<init>(SpringRunner.java:49)
	at sun.reflect.NativeConstructorAccessorImpl.newInstance0(Native Method)
	at sun.reflect.NativeConstructorAccessorImpl.newInstance(NativeConstructorAccessorImpl.java:62)
	at sun.reflect.DelegatingConstructorAccessorImpl.newInstance(DelegatingConstructorAccessorImpl.java:45)
	at java.lang.reflect.Constructor.newInstance(Constructor.java:422)
	at org.junit.internal.builders.AnnotatedBuilder.buildRunner(AnnotatedBuilder.java:104)
	at org.junit.internal.builders.AnnotatedBuilder.runnerForClass(AnnotatedBuilder.java:86)
	at org.junit.runners.model.RunnerBuilder.safeRunnerForClass(RunnerBuilder.java:59)
	at org.junit.internal.builders.AllDefaultPossibilitiesBuilder.runnerForClass(AllDefaultPossibilitiesBuilder.java:26)
	at org.junit.runners.model.RunnerBuilder.safeRunnerForClass(RunnerBuilder.java:59)
	at org.junit.internal.requests.ClassRequest.getRunner(ClassRequest.java:33)
	at org.apache.maven.surefire.junit4.JUnit4Provider.execute(JUnit4Provider.java:283)
	at org.apache.maven.surefire.junit4.JUnit4Provider.executeWithRerun(JUnit4Provider.java:173)
	at org.apache.maven.surefire.junit4.JUnit4Provider.executeTestSet(JUnit4Provider.java:153)
	at org.apache.maven.surefire.junit4.JUnit4Provider.invoke(JUnit4Provider.java:128)
	at org.apache.maven.surefire.booter.ForkedBooter.invokeProviderInSameClassLoader(ForkedBooter.java:203)
	at org.apache.maven.surefire.booter.ForkedBooter.runSuitesInProcess(ForkedBooter.java:155)
	at org.apache.maven.surefire.booter.ForkedBooter.main(ForkedBooter.java:103)
]]></error>
    <system-out><![CDATA[12:20:56.959 [main] DEBUG org.springframework.test.context.junit4.SpringJUnit4ClassRunner - SpringJUnit4ClassRunner constructor called with [class com.cassandrawebtrader.Chapter55ApplicationTests]
12:20:56.964 [main] DEBUG org.springframework.test.context.BootstrapUtils - Instantiating CacheAwareContextLoaderDelegate from class [org.springframework.test.context.cache.DefaultCacheAwareContextLoaderDelegate]
12:20:56.970 [main] DEBUG org.springframework.test.context.BootstrapUtils - Instantiating BootstrapContext using constructor [public org.springframework.test.context.support.DefaultBootstrapContext(java.lang.Class,org.springframework.test.context.CacheAwareContextLoaderDelegate)]
12:20:56.984 [main] DEBUG org.springframework.test.context.BootstrapUtils - Instantiating TestContextBootstrapper for test class [com.cassandrawebtrader.Chapter55ApplicationTests] from class [org.springframework.boot.test.context.SpringBootTestContextBootstrapper]
12:20:56.994 [main] INFO org.springframework.boot.test.context.SpringBootTestContextBootstrapper - Neither @ContextConfiguration nor @ContextHierarchy found for test class [com.cassandrawebtrader.Chapter55ApplicationTests], using SpringBootContextLoader
12:20:56.997 [main] DEBUG org.springframework.test.context.support.AbstractContextLoader - Did not detect default resource location for test class [com.cassandrawebtrader.Chapter55ApplicationTests]: class path resource [com/cassandrawebtrader/Chapter55ApplicationTests-context.xml] does not exist
12:20:56.997 [main] DEBUG org.springframework.test.context.support.AbstractContextLoader - Did not detect default resource location for test class [com.cassandrawebtrader.Chapter55ApplicationTests]: class path resource [com/cassandrawebtrader/Chapter55ApplicationTestsContext.groovy] does not exist
12:20:56.997 [main] INFO org.springframework.test.context.support.AbstractContextLoader - Could not detect default resource locations for test class [com.cassandrawebtrader.Chapter55ApplicationTests]: no resource found for suffixes {-context.xml, Context.groovy}.
12:20:56.998 [main] INFO org.springframework.test.context.support.AnnotationConfigContextLoaderUtils - Could not detect default configuration classes for test class [com.cassandrawebtrader.Chapter55ApplicationTests]: Chapter55ApplicationTests does not declare any static, non-private, non-final, nested classes annotated with @Configuration.
12:20:57.027 [main] DEBUG org.springframework.test.context.support.ActiveProfilesUtils - Could not find an 'annotation declaring class' for annotation type [org.springframework.test.context.ActiveProfiles] and class [com.cassandrawebtrader.Chapter55ApplicationTests]
12:20:57.036 [main] DEBUG org.springframework.core.env.StandardEnvironment - Adding [systemProperties] PropertySource with lowest search precedence
12:20:57.037 [main] DEBUG org.springframework.core.env.StandardEnvironment - Adding [systemEnvironment] PropertySource with lowest search precedence
12:20:57.037 [main] DEBUG org.springframework.core.env.StandardEnvironment - Initialized StandardEnvironment with PropertySources [systemProperties,systemEnvironment]
12:20:57.044 [main] DEBUG org.springframework.core.io.support.PathMatchingResourcePatternResolver - Resolved classpath location [com/cassandrawebtrader/] to resources [URL [file:/Users/govindkalyankar/Documents/workspace-sts-3.7.2.RELEASE/widgetApplication/target/test-classes/com/cassandrawebtrader/]]
12:20:57.045 [main] DEBUG org.springframework.core.io.support.PathMatchingResourcePatternResolver - Looking for matching resources in directory tree [/Users/govindkalyankar/Documents/workspace-sts-3.7.2.RELEASE/widgetApplication/target/test-classes/com/cassandrawebtrader]
12:20:57.045 [main] DEBUG org.springframework.core.io.support.PathMatchingResourcePatternResolver - Searching directory [/Users/govindkalyankar/Documents/workspace-sts-3.7.2.RELEASE/widgetApplication/target/test-classes/com/cassandrawebtrader] for files matching pattern [/Users/govindkalyankar/Documents/workspace-sts-3.7.2.RELEASE/widgetApplication/target/test-classes/com/cassandrawebtrader/*.class]
12:20:57.047 [main] DEBUG org.springframework.core.io.support.PathMatchingResourcePatternResolver - Resolved location pattern [classpath*:com/cassandrawebtrader/*.class] to resources [file [/Users/govindkalyankar/Documents/workspace-sts-3.7.2.RELEASE/widgetApplication/target/test-classes/com/cassandrawebtrader/Chapter55ApplicationTests.class]]
12:20:57.060 [main] DEBUG org.springframework.core.io.support.PathMatchingResourcePatternResolver - Resolved classpath location [com/] to resources [URL [jar:file:/System/Library/Java/Extensions/MRJToolkit.jar!/com/], URL [file:/Users/govindkalyankar/Documents/workspace-sts-3.7.2.RELEASE/widgetApplication/target/test-classes/com/], URL [file:/Users/govindkalyankar/Documents/workspace-sts-3.7.2.RELEASE/widgetApplication/target/classes/com/], URL [jar:file:/Users/govindkalyankar/.m2/repository/com/datastax/cassandra/cassandra-driver-core/3.1.3/cassandra-driver-core-3.1.3.jar!/com/], URL [jar:file:/Users/govindkalyankar/.m2/repository/com/google/guava/guava/16.0.1/guava-16.0.1.jar!/com/], URL [jar:file:/Users/govindkalyankar/.m2/repository/io/dropwizard/metrics/metrics-core/3.1.2/metrics-core-3.1.2.jar!/com/], URL [jar:file:/Users/govindkalyankar/.m2/repository/com/github/jnr/jffi/1.2.10/jffi-1.2.10.jar!/com/], URL [jar:file:/Users/govindkalyankar/.m2/repository/com/github/jnr/jnr-x86asm/1.0.2/jnr-x86asm-1.0.2.jar!/com/], URL [jar:file:/Users/govindkalyankar/.m2/repository/com/github/jnr/jnr-constants/0.9.0/jnr-constants-0.9.0.jar!/com/], URL [jar:file:/Users/govindkalyankar/.m2/repository/com/datastax/cassandra/cassandra-driver-mapping/3.1.3/cassandra-driver-mapping-3.1.3.jar!/com/], URL [jar:file:/Users/govindkalyankar/.m2/repository/com/fasterxml/classmate/1.3.3/classmate-1.3.3.jar!/com/], URL [jar:file:/Users/govindkalyankar/.m2/repository/com/fasterxml/jackson/core/jackson-databind/2.8.6/jackson-databind-2.8.6.jar!/com/], URL [jar:file:/Users/govindkalyankar/.m2/repository/com/fasterxml/jackson/core/jackson-annotations/2.8.0/jackson-annotations-2.8.0.jar!/com/], URL [jar:file:/Users/govindkalyankar/.m2/repository/com/fasterxml/jackson/core/jackson-core/2.8.6/jackson-core-2.8.6.jar!/com/], URL [jar:file:/Users/govindkalyankar/.m2/repository/com/jayway/jsonpath/json-path/2.2.0/json-path-2.2.0.jar!/com/], URL [jar:file:/Users/govindkalyankar/.m2/repository/com/google/code/gson/gson/2.8.0/gson-2.8.0.jar!/com/], URL [jar:file:/Users/govindkalyankar/.m2/repository/com/sun/jersey/jersey-client/1.12/jersey-client-1.12.jar!/com/], URL [jar:file:/Users/govindkalyankar/.m2/repository/com/sun/jersey/jersey-core/1.13/jersey-core-1.13.jar!/com/]]
12:20:57.061 [main] DEBUG org.springframework.core.io.support.PathMatchingResourcePatternResolver - Looking for matching resources in jar file [file:/System/Library/Java/Extensions/MRJToolkit.jar]
12:20:57.061 [main] DEBUG org.springframework.core.io.support.PathMatchingResourcePatternResolver - Looking for matching resources in directory tree [/Users/govindkalyankar/Documents/workspace-sts-3.7.2.RELEASE/widgetApplication/target/test-classes/com]
12:20:57.061 [main] DEBUG org.springframework.core.io.support.PathMatchingResourcePatternResolver - Searching directory [/Users/govindkalyankar/Documents/workspace-sts-3.7.2.RELEASE/widgetApplication/target/test-classes/com] for files matching pattern [/Users/govindkalyankar/Documents/workspace-sts-3.7.2.RELEASE/widgetApplication/target/test-classes/com/*.class]
12:20:57.062 [main] DEBUG org.springframework.core.io.support.PathMatchingResourcePatternResolver - Looking for matching resources in directory tree [/Users/govindkalyankar/Documents/workspace-sts-3.7.2.RELEASE/widgetApplication/target/classes/com]
12:20:57.062 [main] DEBUG org.springframework.core.io.support.PathMatchingResourcePatternResolver - Searching directory [/Users/govindkalyankar/Documents/workspace-sts-3.7.2.RELEASE/widgetApplication/target/classes/com] for files matching pattern [/Users/govindkalyankar/Documents/workspace-sts-3.7.2.RELEASE/widgetApplication/target/classes/com/*.class]
12:20:57.062 [main] DEBUG org.springframework.core.io.support.PathMatchingResourcePatternResolver - Looking for matching resources in jar file [file:/Users/govindkalyankar/.m2/repository/com/datastax/cassandra/cassandra-driver-core/3.1.3/cassandra-driver-core-3.1.3.jar]
12:20:57.069 [main] DEBUG org.springframework.core.io.support.PathMatchingResourcePatternResolver - Looking for matching resources in jar file [file:/Users/govindkalyankar/.m2/repository/com/google/guava/guava/16.0.1/guava-16.0.1.jar]
12:20:57.080 [main] DEBUG org.springframework.core.io.support.PathMatchingResourcePatternResolver - Looking for matching resources in jar file [file:/Users/govindkalyankar/.m2/repository/io/dropwizard/metrics/metrics-core/3.1.2/metrics-core-3.1.2.jar]
12:20:57.081 [main] DEBUG org.springframework.core.io.support.PathMatchingResourcePatternResolver - Looking for matching resources in jar file [file:/Users/govindkalyankar/.m2/repository/com/github/jnr/jffi/1.2.10/jffi-1.2.10.jar]
12:20:57.082 [main] DEBUG org.springframework.core.io.support.PathMatchingResourcePatternResolver - Looking for matching resources in jar file [file:/Users/govindkalyankar/.m2/repository/com/github/jnr/jnr-x86asm/1.0.2/jnr-x86asm-1.0.2.jar]
12:20:57.082 [main] DEBUG org.springframework.core.io.support.PathMatchingResourcePatternResolver - Looking for matching resources in jar file [file:/Users/govindkalyankar/.m2/repository/com/github/jnr/jnr-constants/0.9.0/jnr-constants-0.9.0.jar]
12:20:57.083 [main] DEBUG org.springframework.core.io.support.PathMatchingResourcePatternResolver - Looking for matching resources in jar file [file:/Users/govindkalyankar/.m2/repository/com/datastax/cassandra/cassandra-driver-mapping/3.1.3/cassandra-driver-mapping-3.1.3.jar]
12:20:57.083 [main] DEBUG org.springframework.core.io.support.PathMatchingResourcePatternResolver - Looking for matching resources in jar file [file:/Users/govindkalyankar/.m2/repository/com/fasterxml/classmate/1.3.3/classmate-1.3.3.jar]
12:20:57.084 [main] DEBUG org.springframework.core.io.support.PathMatchingResourcePatternResolver - Looking for matching resources in jar file [file:/Users/govindkalyankar/.m2/repository/com/fasterxml/jackson/core/jackson-databind/2.8.6/jackson-databind-2.8.6.jar]
12:20:57.087 [main] DEBUG org.springframework.core.io.support.PathMatchingResourcePatternResolver - Looking for matching resources in jar file [file:/Users/govindkalyankar/.m2/repository/com/fasterxml/jackson/core/jackson-annotations/2.8.0/jackson-annotations-2.8.0.jar]
12:20:57.087 [main] DEBUG org.springframework.core.io.support.PathMatchingResourcePatternResolver - Looking for matching resources in jar file [file:/Users/govindkalyankar/.m2/repository/com/fasterxml/jackson/core/jackson-core/2.8.6/jackson-core-2.8.6.jar]
12:20:57.088 [main] DEBUG org.springframework.core.io.support.PathMatchingResourcePatternResolver - Looking for matching resources in jar file [file:/Users/govindkalyankar/.m2/repository/com/jayway/jsonpath/json-path/2.2.0/json-path-2.2.0.jar]
12:20:57.088 [main] DEBUG org.springframework.core.io.support.PathMatchingResourcePatternResolver - Looking for matching resources in jar file [file:/Users/govindkalyankar/.m2/repository/com/google/code/gson/gson/2.8.0/gson-2.8.0.jar]
12:20:57.089 [main] DEBUG org.springframework.core.io.support.PathMatchingResourcePatternResolver - Looking for matching resources in jar file [file:/Users/govindkalyankar/.m2/repository/com/sun/jersey/jersey-client/1.12/jersey-client-1.12.jar]
12:20:57.090 [main] DEBUG org.springframework.core.io.support.PathMatchingResourcePatternResolver - Looking for matching resources in jar file [file:/Users/govindkalyankar/.m2/repository/com/sun/jersey/jersey-core/1.13/jersey-core-1.13.jar]
12:20:57.091 [main] DEBUG org.springframework.core.io.support.PathMatchingResourcePatternResolver - Resolved location pattern [classpath*:com/*.class] to resources []
12:20:57.095 [main] DEBUG org.springframework.test.context.junit4.SpringJUnit4ClassRunner - SpringJUnit4ClassRunner constructor called with [class com.cassandrawebtrader.Chapter55ApplicationTests]
12:20:57.095 [main] DEBUG org.springframework.test.context.BootstrapUtils - Instantiating CacheAwareContextLoaderDelegate from class [org.springframework.test.context.cache.DefaultCacheAwareContextLoaderDelegate]
12:20:57.095 [main] DEBUG org.springframework.test.context.BootstrapUtils - Instantiating BootstrapContext using constructor [public org.springframework.test.context.support.DefaultBootstrapContext(java.lang.Class,org.springframework.test.context.CacheAwareContextLoaderDelegate)]
12:20:57.096 [main] DEBUG org.springframework.test.context.BootstrapUtils - Instantiating TestContextBootstrapper for test class [com.cassandrawebtrader.Chapter55ApplicationTests] from class [org.springframework.boot.test.context.SpringBootTestContextBootstrapper]
12:20:57.096 [main] INFO org.springframework.boot.test.context.SpringBootTestContextBootstrapper - Neither @ContextConfiguration nor @ContextHierarchy found for test class [com.cassandrawebtrader.Chapter55ApplicationTests], using SpringBootContextLoader
12:20:57.096 [main] DEBUG org.springframework.test.context.support.AbstractContextLoader - Did not detect default resource location for test class [com.cassandrawebtrader.Chapter55ApplicationTests]: class path resource [com/cassandrawebtrader/Chapter55ApplicationTests-context.xml] does not exist
12:20:57.097 [main] DEBUG org.springframework.test.context.support.AbstractContextLoader - Did not detect default resource location for test class [com.cassandrawebtrader.Chapter55ApplicationTests]: class path resource [com/cassandrawebtrader/Chapter55ApplicationTestsContext.groovy] does not exist
12:20:57.097 [main] INFO org.springframework.test.context.support.AbstractContextLoader - Could not detect default resource locations for test class [com.cassandrawebtrader.Chapter55ApplicationTests]: no resource found for suffixes {-context.xml, Context.groovy}.
12:20:57.097 [main] INFO org.springframework.test.context.support.AnnotationConfigContextLoaderUtils - Could not detect default configuration classes for test class [com.cassandrawebtrader.Chapter55ApplicationTests]: Chapter55ApplicationTests does not declare any static, non-private, non-final, nested classes annotated with @Configuration.
12:20:57.103 [main] DEBUG org.springframework.test.context.support.ActiveProfilesUtils - Could not find an 'annotation declaring class' for annotation type [org.springframework.test.context.ActiveProfiles] and class [com.cassandrawebtrader.Chapter55ApplicationTests]
12:20:57.103 [main] DEBUG org.springframework.core.env.StandardEnvironment - Adding [systemProperties] PropertySource with lowest search precedence
12:20:57.103 [main] DEBUG org.springframework.core.env.StandardEnvironment - Adding [systemEnvironment] PropertySource with lowest search precedence
12:20:57.103 [main] DEBUG org.springframework.core.env.StandardEnvironment - Initialized StandardEnvironment with PropertySources [systemProperties,systemEnvironment]
12:20:57.103 [main] DEBUG org.springframework.core.io.support.PathMatchingResourcePatternResolver - Resolved classpath location [com/cassandrawebtrader/] to resources [URL [file:/Users/govindkalyankar/Documents/workspace-sts-3.7.2.RELEASE/widgetApplication/target/test-classes/com/cassandrawebtrader/]]
12:20:57.104 [main] DEBUG org.springframework.core.io.support.PathMatchingResourcePatternResolver - Looking for matching resources in directory tree [/Users/govindkalyankar/Documents/workspace-sts-3.7.2.RELEASE/widgetApplication/target/test-classes/com/cassandrawebtrader]
12:20:57.104 [main] DEBUG org.springframework.core.io.support.PathMatchingResourcePatternResolver - Searching directory [/Users/govindkalyankar/Documents/workspace-sts-3.7.2.RELEASE/widgetApplication/target/test-classes/com/cassandrawebtrader] for files matching pattern [/Users/govindkalyankar/Documents/workspace-sts-3.7.2.RELEASE/widgetApplication/target/test-classes/com/cassandrawebtrader/*.class]
12:20:57.105 [main] DEBUG org.springframework.core.io.support.PathMatchingResourcePatternResolver - Resolved location pattern [classpath*:com/cassandrawebtrader/*.class] to resources [file [/Users/govindkalyankar/Documents/workspace-sts-3.7.2.RELEASE/widgetApplication/target/test-classes/com/cassandrawebtrader/Chapter55ApplicationTests.class]]
12:20:57.106 [main] DEBUG org.springframework.core.io.support.PathMatchingResourcePatternResolver - Resolved classpath location [com/] to resources [URL [jar:file:/System/Library/Java/Extensions/MRJToolkit.jar!/com/], URL [file:/Users/govindkalyankar/Documents/workspace-sts-3.7.2.RELEASE/widgetApplication/target/test-classes/com/], URL [file:/Users/govindkalyankar/Documents/workspace-sts-3.7.2.RELEASE/widgetApplication/target/classes/com/], URL [jar:file:/Users/govindkalyankar/.m2/repository/com/datastax/cassandra/cassandra-driver-core/3.1.3/cassandra-driver-core-3.1.3.jar!/com/], URL [jar:file:/Users/govindkalyankar/.m2/repository/com/google/guava/guava/16.0.1/guava-16.0.1.jar!/com/], URL [jar:file:/Users/govindkalyankar/.m2/repository/io/dropwizard/metrics/metrics-core/3.1.2/metrics-core-3.1.2.jar!/com/], URL [jar:file:/Users/govindkalyankar/.m2/repository/com/github/jnr/jffi/1.2.10/jffi-1.2.10.jar!/com/], URL [jar:file:/Users/govindkalyankar/.m2/repository/com/github/jnr/jnr-x86asm/1.0.2/jnr-x86asm-1.0.2.jar!/com/], URL [jar:file:/Users/govindkalyankar/.m2/repository/com/github/jnr/jnr-constants/0.9.0/jnr-constants-0.9.0.jar!/com/], URL [jar:file:/Users/govindkalyankar/.m2/repository/com/datastax/cassandra/cassandra-driver-mapping/3.1.3/cassandra-driver-mapping-3.1.3.jar!/com/], URL [jar:file:/Users/govindkalyankar/.m2/repository/com/fasterxml/classmate/1.3.3/classmate-1.3.3.jar!/com/], URL [jar:file:/Users/govindkalyankar/.m2/repository/com/fasterxml/jackson/core/jackson-databind/2.8.6/jackson-databind-2.8.6.jar!/com/], URL [jar:file:/Users/govindkalyankar/.m2/repository/com/fasterxml/jackson/core/jackson-annotations/2.8.0/jackson-annotations-2.8.0.jar!/com/], URL [jar:file:/Users/govindkalyankar/.m2/repository/com/fasterxml/jackson/core/jackson-core/2.8.6/jackson-core-2.8.6.jar!/com/], URL [jar:file:/Users/govindkalyankar/.m2/repository/com/jayway/jsonpath/json-path/2.2.0/json-path-2.2.0.jar!/com/], URL [jar:file:/Users/govindkalyankar/.m2/repository/com/google/code/gson/gson/2.8.0/gson-2.8.0.jar!/com/], URL [jar:file:/Users/govindkalyankar/.m2/repository/com/sun/jersey/jersey-client/1.12/jersey-client-1.12.jar!/com/], URL [jar:file:/Users/govindkalyankar/.m2/repository/com/sun/jersey/jersey-core/1.13/jersey-core-1.13.jar!/com/]]
12:20:57.107 [main] DEBUG org.springframework.core.io.support.PathMatchingResourcePatternResolver - Looking for matching resources in jar file [file:/System/Library/Java/Extensions/MRJToolkit.jar]
12:20:57.107 [main] DEBUG org.springframework.core.io.support.PathMatchingResourcePatternResolver - Looking for matching resources in directory tree [/Users/govindkalyankar/Documents/workspace-sts-3.7.2.RELEASE/widgetApplication/target/test-classes/com]
12:20:57.107 [main] DEBUG org.springframework.core.io.support.PathMatchingResourcePatternResolver - Searching directory [/Users/govindkalyankar/Documents/workspace-sts-3.7.2.RELEASE/widgetApplication/target/test-classes/com] for files matching pattern [/Users/govindkalyankar/Documents/workspace-sts-3.7.2.RELEASE/widgetApplication/target/test-classes/com/*.class]
12:20:57.107 [main] DEBUG org.springframework.core.io.support.PathMatchingResourcePatternResolver - Looking for matching resources in directory tree [/Users/govindkalyankar/Documents/workspace-sts-3.7.2.RELEASE/widgetApplication/target/classes/com]
12:20:57.107 [main] DEBUG org.springframework.core.io.support.PathMatchingResourcePatternResolver - Searching directory [/Users/govindkalyankar/Documents/workspace-sts-3.7.2.RELEASE/widgetApplication/target/classes/com] for files matching pattern [/Users/govindkalyankar/Documents/workspace-sts-3.7.2.RELEASE/widgetApplication/target/classes/com/*.class]
12:20:57.108 [main] DEBUG org.springframework.core.io.support.PathMatchingResourcePatternResolver - Looking for matching resources in jar file [file:/Users/govindkalyankar/.m2/repository/com/datastax/cassandra/cassandra-driver-core/3.1.3/cassandra-driver-core-3.1.3.jar]
12:20:57.111 [main] DEBUG org.springframework.core.io.support.PathMatchingResourcePatternResolver - Looking for matching resources in jar file [file:/Users/govindkalyankar/.m2/repository/com/google/guava/guava/16.0.1/guava-16.0.1.jar]
12:20:57.119 [main] DEBUG org.springframework.core.io.support.PathMatchingResourcePatternResolver - Looking for matching resources in jar file [file:/Users/govindkalyankar/.m2/repository/io/dropwizard/metrics/metrics-core/3.1.2/metrics-core-3.1.2.jar]
12:20:57.120 [main] DEBUG org.springframework.core.io.support.PathMatchingResourcePatternResolver - Looking for matching resources in jar file [file:/Users/govindkalyankar/.m2/repository/com/github/jnr/jffi/1.2.10/jffi-1.2.10.jar]
12:20:57.120 [main] DEBUG org.springframework.core.io.support.PathMatchingResourcePatternResolver - Looking for matching resources in jar file [file:/Users/govindkalyankar/.m2/repository/com/github/jnr/jnr-x86asm/1.0.2/jnr-x86asm-1.0.2.jar]
12:20:57.121 [main] DEBUG org.springframework.core.io.support.PathMatchingResourcePatternResolver - Looking for matching resources in jar file [file:/Users/govindkalyankar/.m2/repository/com/github/jnr/jnr-constants/0.9.0/jnr-constants-0.9.0.jar]
12:20:57.122 [main] DEBUG org.springframework.core.io.support.PathMatchingResourcePatternResolver - Looking for matching resources in jar file [file:/Users/govindkalyankar/.m2/repository/com/datastax/cassandra/cassandra-driver-mapping/3.1.3/cassandra-driver-mapping-3.1.3.jar]
12:20:57.122 [main] DEBUG org.springframework.core.io.support.PathMatchingResourcePatternResolver - Looking for matching resources in jar file [file:/Users/govindkalyankar/.m2/repository/com/fasterxml/classmate/1.3.3/classmate-1.3.3.jar]
12:20:57.123 [main] DEBUG org.springframework.core.io.support.PathMatchingResourcePatternResolver - Looking for matching resources in jar file [file:/Users/govindkalyankar/.m2/repository/com/fasterxml/jackson/core/jackson-databind/2.8.6/jackson-databind-2.8.6.jar]
12:20:57.126 [main] DEBUG org.springframework.core.io.support.PathMatchingResourcePatternResolver - Looking for matching resources in jar file [file:/Users/govindkalyankar/.m2/repository/com/fasterxml/jackson/core/jackson-annotations/2.8.0/jackson-annotations-2.8.0.jar]
12:20:57.126 [main] DEBUG org.springframework.core.io.support.PathMatchingResourcePatternResolver - Looking for matching resources in jar file [file:/Users/govindkalyankar/.m2/repository/com/fasterxml/jackson/core/jackson-core/2.8.6/jackson-core-2.8.6.jar]
12:20:57.127 [main] DEBUG org.springframework.core.io.support.PathMatchingResourcePatternResolver - Looking for matching resources in jar file [file:/Users/govindkalyankar/.m2/repository/com/jayway/jsonpath/json-path/2.2.0/json-path-2.2.0.jar]
12:20:57.128 [main] DEBUG org.springframework.core.io.support.PathMatchingResourcePatternResolver - Looking for matching resources in jar file [file:/Users/govindkalyankar/.m2/repository/com/google/code/gson/gson/2.8.0/gson-2.8.0.jar]
12:20:57.129 [main] DEBUG org.springframework.core.io.support.PathMatchingResourcePatternResolver - Looking for matching resources in jar file [file:/Users/govindkalyankar/.m2/repository/com/sun/jersey/jersey-client/1.12/jersey-client-1.12.jar]
12:20:57.129 [main] DEBUG org.springframework.core.io.support.PathMatchingResourcePatternResolver - Looking for matching resources in jar file [file:/Users/govindkalyankar/.m2/repository/com/sun/jersey/jersey-core/1.13/jersey-core-1.13.jar]
12:20:57.131 [main] DEBUG org.springframework.core.io.support.PathMatchingResourcePatternResolver - Resolved location pattern [classpath*:com/*.class] to resources []
]]></system-out>
  </testcase>
</testsuite>